# JRE version: OpenJDK Runtime Environment (11.0.11) (build 11.0.11+0-b60-7590822)
# Java VM: OpenJDK 64-Bit Server VM (11.0.11+0-b60-7590822, mixed mode, tiered, compressed oops, g1 gc, linux-amd64)
Heap:
 garbage-first heap   total 419840K, used 144424K [0x0000000080000000, 0x0000000100000000)
  region size 1024K, 24 young (24576K), 10 survivors (10240K)
 Metaspace       used 152906K, capacity 156666K, committed 156796K, reserved 1185792K
  class space    used 18285K, capacity 19588K, committed 19712K, reserved 1048576K
GC Heap History (20 events):
Event: 2608,527 GC heap before
{Heap before GC invocations=75 (full 0):
 garbage-first heap   total 412672K, used 205784K [0x0000000080000000, 0x0000000100000000)
  region size 1024K, 73 young (74752K), 3 survivors (3072K)
 Metaspace       used 151860K, capacity 155282K, committed 155516K, reserved 1185792K
  class space    used 18172K, capacity 19379K, committed 19456K, reserved 1048576K
}
Event: 2608,544 GC heap after
{Heap after GC invocations=76 (full 0):
 garbage-first heap   total 412672K, used 137280K [0x0000000080000000, 0x0000000100000000)
  region size 1024K, 4 young (4096K), 4 survivors (4096K)
 Metaspace       used 151860K, capacity 155282K, committed 155516K, reserved 1185792K
  class space    used 18172K, capacity 19379K, committed 19456K, reserved 1048576K
}
Event: 2661,565 GC heap before
{Heap before GC invocations=77 (full 0):
 garbage-first heap   total 412672K, used 410688K [0x0000000080000000, 0x0000000100000000)
  region size 1024K, 57 young (58368K), 4 survivors (4096K)
 Metaspace       used 151911K, capacity 155349K, committed 155516K, reserved 1185792K
  class space    used 18172K, capacity 19380K, committed 19456K, reserved 1048576K
}
Event: 2661,606 GC heap after
{Heap after GC invocations=78 (full 0):
 garbage-first heap   total 417792K, used 137559K [0x0000000080000000, 0x0000000100000000)
  region size 1024K, 5 young (5120K), 5 survivors (5120K)
 Metaspace       used 151911K, capacity 155349K, committed 155516K, reserved 1185792K
  class space    used 18172K, capacity 19380K, committed 19456K, reserved 1048576K
}
Event: 2661,920 GC heap before
{Heap before GC invocations=78 (full 0):
 garbage-first heap   total 417792K, used 152919K [0x0000000080000000, 0x0000000100000000)
  region size 1024K, 20 young (20480K), 5 survivors (5120K)
 Metaspace       used 151931K, capacity 155349K, committed 155516K, reserved 1185792K
  class space    used 18172K, capacity 19380K, committed 19456K, reserved 1048576K
}
Event: 2662,007 GC heap after
{Heap after GC invocations=79 (full 0):
 garbage-first heap   total 417792K, used 125068K [0x0000000080000000, 0x0000000100000000)
  region size 1024K, 2 young (2048K), 2 survivors (2048K)
 Metaspace       used 151931K, capacity 155349K, committed 155516K, reserved 1185792K
  class space    used 18172K, capacity 19380K, committed 19456K, reserved 1048576K
}
Event: 2679,595 GC heap before
{Heap before GC invocations=79 (full 0):
 garbage-first heap   total 417792K, used 199820K [0x0000000080000000, 0x0000000100000000)
  region size 1024K, 77 young (78848K), 2 survivors (2048K)
 Metaspace       used 152048K, capacity 155548K, committed 155772K, reserved 1185792K
  class space    used 18172K, capacity 19380K, committed 19456K, reserved 1048576K
}
Event: 2679,633 GC heap after
{Heap after GC invocations=80 (full 0):
 garbage-first heap   total 417792K, used 129384K [0x0000000080000000, 0x0000000100000000)
  region size 1024K, 7 young (7168K), 7 survivors (7168K)
 Metaspace       used 152048K, capacity 155548K, committed 155772K, reserved 1185792K
  class space    used 18172K, capacity 19380K, committed 19456K, reserved 1048576K
}
Event: 2683,409 GC heap before
{Heap before GC invocations=81 (full 0):
 garbage-first heap   total 417792K, used 297320K [0x0000000080000000, 0x0000000100000000)
  region size 1024K, 171 young (175104K), 7 survivors (7168K)
 Metaspace       used 152177K, capacity 155669K, committed 155772K, reserved 1185792K
  class space    used 18171K, capacity 19378K, committed 19456K, reserved 1048576K
}
Event: 2683,441 GC heap after
{Heap after GC invocations=82 (full 0):
 garbage-first heap   total 417792K, used 132248K [0x0000000080000000, 0x0000000100000000)
  region size 1024K, 12 young (12288K), 12 survivors (12288K)
 Metaspace       used 152177K, capacity 155669K, committed 155772K, reserved 1185792K
  class space    used 18171K, capacity 19378K, committed 19456K, reserved 1048576K
}
Event: 2683,480 GC heap before
{Heap before GC invocations=82 (full 0):
 garbage-first heap   total 417792K, used 139416K [0x0000000080000000, 0x0000000100000000)
  region size 1024K, 20 young (20480K), 12 survivors (12288K)
 Metaspace       used 152178K, capacity 155669K, committed 155772K, reserved 1185792K
  class space    used 18171K, capacity 19378K, committed 19456K, reserved 1048576K
}
Event: 2683,504 GC heap after
{Heap after GC invocations=83 (full 0):
 garbage-first heap   total 417792K, used 125124K [0x0000000080000000, 0x0000000100000000)
  region size 1024K, 2 young (2048K), 2 survivors (2048K)
 Metaspace       used 152178K, capacity 155669K, committed 155772K, reserved 1185792K
  class space    used 18171K, capacity 19378K, committed 19456K, reserved 1048576K
}
Event: 2688,411 GC heap before
{Heap before GC invocations=83 (full 0):
 garbage-first heap   total 417792K, used 176324K [0x0000000080000000, 0x0000000100000000)
  region size 1024K, 54 young (55296K), 2 survivors (2048K)
 Metaspace       used 152220K, capacity 155685K, committed 155772K, reserved 1185792K
  class space    used 18172K, capacity 19380K, committed 19456K, reserved 1048576K
}
Event: 2688,431 GC heap after
{Heap after GC invocations=84 (full 0):
 garbage-first heap   total 417792K, used 127106K [0x0000000080000000, 0x0000000100000000)
  region size 1024K, 4 young (4096K), 4 survivors (4096K)
 Metaspace       used 152220K, capacity 155685K, committed 155772K, reserved 1185792K
  class space    used 18172K, capacity 19380K, committed 19456K, reserved 1048576K
}
Event: 2760,463 GC heap before
{Heap before GC invocations=85 (full 0):
 garbage-first heap   total 417792K, used 416701K [0x0000000080000000, 0x0000000100000000)
  region size 1024K, 72 young (73728K), 4 survivors (4096K)
 Metaspace       used 152242K, capacity 155749K, committed 156028K, reserved 1185792K
  class space    used 18172K, capacity 19380K, committed 19456K, reserved 1048576K
}
Event: 2760,471 GC heap after
{Heap after GC invocations=86 (full 0):
 garbage-first heap   total 419840K, used 124701K [0x0000000080000000, 0x0000000100000000)
  region size 1024K, 2 young (2048K), 2 survivors (2048K)
 Metaspace       used 152242K, capacity 155749K, committed 156028K, reserved 1185792K
  class space    used 18172K, capacity 19380K, committed 19456K, reserved 1048576K
}
Event: 2762,827 GC heap before
{Heap before GC invocations=86 (full 0):
 garbage-first heap   total 419840K, used 142109K [0x0000000080000000, 0x0000000100000000)
  region size 1024K, 20 young (20480K), 2 survivors (2048K)
 Metaspace       used 152242K, capacity 155749K, committed 156028K, reserved 1185792K
  class space    used 18172K, capacity 19380K, committed 19456K, reserved 1048576K
}
Event: 2762,841 GC heap after
{Heap after GC invocations=87 (full 0):
 garbage-first heap   total 419840K, used 119363K [0x0000000080000000, 0x0000000100000000)
  region size 1024K, 2 young (2048K), 2 survivors (2048K)
 Metaspace       used 152242K, capacity 155749K, committed 156028K, reserved 1185792K
  class space    used 18172K, capacity 19380K, committed 19456K, reserved 1048576K
}
Event: 3029,329 GC heap before
{Heap before GC invocations=87 (full 0):
 garbage-first heap   total 419840K, used 282179K [0x0000000080000000, 0x0000000100000000)
  region size 1024K, 163 young (166912K), 2 survivors (2048K)
 Metaspace       used 152899K, capacity 156602K, committed 156796K, reserved 1185792K
  class space    used 18285K, capacity 19588K, committed 19712K, reserved 1048576K
}
Event: 3029,454 GC heap after
{Heap after GC invocations=88 (full 0):
 garbage-first heap   total 419840K, used 128040K [0x0000000080000000, 0x0000000100000000)
  region size 1024K, 10 young (10240K), 10 survivors (10240K)
 Metaspace       used 152899K, capacity 156602K, committed 156796K, reserved 1185792K
  class space    used 18285K, capacity 19588K, committed 19712K, reserved 1048576K
}

